<?xml version="1.0" encoding="UTF-8" ?>
<testsuite failures="0" time="0.821" errors="0" skipped="0" tests="1" name="TestSuite">
  <properties>
    <property name="java.runtime.name" value="Java(TM) SE Runtime Environment"/>
    <property name="sun.boot.library.path" value="/home/hms/PSAW/jdk1.6.0_07/jre/lib/i386"/>
    <property name="java.vm.version" value="10.0-b23"/>
    <property name="java.vm.vendor" value="Sun Microsystems Inc."/>
    <property name="java.vendor.url" value="http://java.sun.com/"/>
    <property name="path.separator" value=":"/>
    <property name="java.vm.name" value="Java HotSpot(TM) Client VM"/>
    <property name="file.encoding.pkg" value="sun.io"/>
    <property name="user.country" value="US"/>
    <property name="sun.java.launcher" value="SUN_STANDARD"/>
    <property name="sun.os.patch.level" value="unknown"/>
    <property name="java.vm.specification.name" value="Java Virtual Machine Specification"/>
    <property name="user.dir" value="/home/hms/BGHR"/>
    <property name="java.runtime.version" value="1.6.0_07-b06"/>
    <property name="java.awt.graphicsenv" value="sun.awt.X11GraphicsEnvironment"/>
    <property name="basedir" value="/home/hms/BGHR"/>
    <property name="java.endorsed.dirs" value="/home/hms/PSAW/jdk1.6.0_07/jre/lib/endorsed"/>
    <property name="os.arch" value="i386"/>
    <property name="surefire.real.class.path" value="/tmp/surefirebooter12809.jar"/>
    <property name="java.io.tmpdir" value="/tmp"/>
    <property name="line.separator" value="
"/>
    <property name="java.vm.specification.vendor" value="Sun Microsystems Inc."/>
    <property name="os.name" value="Linux"/>
    <property name="sun.jnu.encoding" value="UTF-8"/>
    <property name="java.library.path" value="/home/hms/PSAW/jdk1.6.0_07/jre/lib/i386/client:/home/hms/PSAW/jdk1.6.0_07/jre/lib/i386:/home/hms/PSAW/jdk1.6.0_07/jre/../lib/i386:/usr/java/packages/lib/i386:/lib:/usr/lib"/>
    <property name="surefire.test.class.path" value="/home/hms/BGHR/target/test-classes:/home/hms/BGHR/target/classes:/home/hms/.m2/repository/org/testng/testng/5.12.1/testng-5.12.1.jar:/home/hms/.m2/repository/junit/junit/3.8.1/junit-3.8.1.jar:/home/hms/.m2/repository/com/google/appengine/appengine-tools-sdk/1.5.0.1/appengine-tools-sdk-1.5.0.1.jar:/home/hms/.m2/repository/javax/servlet/servlet-api/2.4/servlet-api-2.4.jar:/home/hms/.m2/repository/javax/servlet/jsp-api/2.0/jsp-api-2.0.jar:/home/hms/.m2/repository/com/google/appengine/appengine-api-1.0-sdk/1.5.0.1/appengine-api-1.0-sdk-1.5.0.1.jar:/home/hms/.m2/repository/com/google/appengine/orm/datanucleus-appengine/1.0.6/datanucleus-appengine-1.0.6.jar:/home/hms/.m2/repository/org/datanucleus/datanucleus-core/1.1.5/datanucleus-core-1.1.5.jar:/home/hms/.m2/repository/javax/transaction/transaction-api/1.1/transaction-api-1.1.jar:/home/hms/.m2/repository/org/apache/geronimo/specs/geronimo-jta_1.1_spec/1.1.1/geronimo-jta_1.1_spec-1.1.1.jar:/home/hms/.m2/repository/javax/jdo/jdo2-api/2.3-eb/jdo2-api-2.3-eb.jar:/home/hms/.m2/repository/org/apache/geronimo/specs/geronimo-jpa_3.0_spec/1.1.1/geronimo-jpa_3.0_spec-1.1.1.jar:/home/hms/.m2/repository/org/datanucleus/datanucleus-jpa/1.1.5/datanucleus-jpa-1.1.5.jar:/home/hms/.m2/repository/javax/servlet/jstl/1.1.2/jstl-1.1.2.jar:/home/hms/.m2/repository/taglibs/standard/1.1.2/standard-1.1.2.jar:"/>
    <property name="java.specification.name" value="Java Platform API Specification"/>
    <property name="java.class.version" value="50.0"/>
    <property name="sun.management.compiler" value="HotSpot Client Compiler"/>
    <property name="os.version" value="2.6.31.5-127.fc12.i686.PAE"/>
    <property name="user.home" value="/home/hms"/>
    <property name="user.timezone" value="America/New_York"/>
    <property name="java.awt.printerjob" value="sun.print.PSPrinterJob"/>
    <property name="file.encoding" value="UTF-8"/>
    <property name="java.specification.version" value="1.6"/>
    <property name="user.name" value="hms"/>
    <property name="java.class.path" value="/home/hms/BGHR/target/test-classes:/home/hms/BGHR/target/classes:/home/hms/.m2/repository/org/testng/testng/5.12.1/testng-5.12.1.jar:/home/hms/.m2/repository/junit/junit/3.8.1/junit-3.8.1.jar:/home/hms/.m2/repository/com/google/appengine/appengine-tools-sdk/1.5.0.1/appengine-tools-sdk-1.5.0.1.jar:/home/hms/.m2/repository/javax/servlet/servlet-api/2.4/servlet-api-2.4.jar:/home/hms/.m2/repository/javax/servlet/jsp-api/2.0/jsp-api-2.0.jar:/home/hms/.m2/repository/com/google/appengine/appengine-api-1.0-sdk/1.5.0.1/appengine-api-1.0-sdk-1.5.0.1.jar:/home/hms/.m2/repository/com/google/appengine/orm/datanucleus-appengine/1.0.6/datanucleus-appengine-1.0.6.jar:/home/hms/.m2/repository/org/datanucleus/datanucleus-core/1.1.5/datanucleus-core-1.1.5.jar:/home/hms/.m2/repository/javax/transaction/transaction-api/1.1/transaction-api-1.1.jar:/home/hms/.m2/repository/org/apache/geronimo/specs/geronimo-jta_1.1_spec/1.1.1/geronimo-jta_1.1_spec-1.1.1.jar:/home/hms/.m2/repository/javax/jdo/jdo2-api/2.3-eb/jdo2-api-2.3-eb.jar:/home/hms/.m2/repository/org/apache/geronimo/specs/geronimo-jpa_3.0_spec/1.1.1/geronimo-jpa_3.0_spec-1.1.1.jar:/home/hms/.m2/repository/org/datanucleus/datanucleus-jpa/1.1.5/datanucleus-jpa-1.1.5.jar:/home/hms/.m2/repository/javax/servlet/jstl/1.1.2/jstl-1.1.2.jar:/home/hms/.m2/repository/taglibs/standard/1.1.2/standard-1.1.2.jar:"/>
    <property name="java.vm.specification.version" value="1.0"/>
    <property name="sun.arch.data.model" value="32"/>
    <property name="java.home" value="/home/hms/PSAW/jdk1.6.0_07/jre"/>
    <property name="java.specification.vendor" value="Sun Microsystems Inc."/>
    <property name="user.language" value="en"/>
    <property name="java.vm.info" value="mixed mode, sharing"/>
    <property name="java.version" value="1.6.0_07"/>
    <property name="java.ext.dirs" value="/home/hms/PSAW/jdk1.6.0_07/jre/lib/ext:/usr/java/packages/lib/ext"/>
    <property name="sun.boot.class.path" value="/home/hms/PSAW/jdk1.6.0_07/jre/lib/resources.jar:/home/hms/PSAW/jdk1.6.0_07/jre/lib/rt.jar:/home/hms/PSAW/jdk1.6.0_07/jre/lib/sunrsasign.jar:/home/hms/PSAW/jdk1.6.0_07/jre/lib/jsse.jar:/home/hms/PSAW/jdk1.6.0_07/jre/lib/jce.jar:/home/hms/PSAW/jdk1.6.0_07/jre/lib/charsets.jar:/home/hms/PSAW/jdk1.6.0_07/jre/classes"/>
    <property name="java.vendor" value="Sun Microsystems Inc."/>
    <property name="localRepository" value="/home/hms/.m2/repository"/>
    <property name="file.separator" value="/"/>
    <property name="java.vendor.url.bug" value="http://java.sun.com/cgi-bin/bugreport.cgi"/>
    <property name="sun.cpu.endian" value="little"/>
    <property name="sun.io.unicode.encoding" value="UnicodeLittle"/>
    <property name="sun.desktop" value="gnome"/>
    <property name="sun.cpu.isalist" value=""/>
  </properties>
  <testcase time="0.005" classname="com.mycompany.app.AppTest" name="test1"/>
</testsuite>